Generated by: lqns.exe, version 5.28.5
Copyright the Real-Time and Distributed Systems Group,
Department of Systems and Computer Engineering
Carleton University, Ottawa, Ontario, Canada. K1S 5B6

Invoked as: lqns.exe --pragma=cycles=yes output1/lqn.xml
Input:  output1/lqn.xml
Mon Dec 18 19:34:05 2023


Convergence test value: 0
Number of iterations:   2

Pragma:
    cycles=yes

Solver: MESHIFY5800X570 WinNT 10.0
    Elapsed:     0:00:00.000


    Submodels:  3
    MVA Core():            4
    MVA Step():           22
    MVA Wait():          305

Processor identifiers and scheduling algorithms:

Processor Name  Type    Copies  Scheduling
Meshify5800X570 Uni       1     FCFS
'Entry'-SimpleExample-0 Uni       1     FCFS


Task information:

Task Name       Type    Copies  Processor Name  Pri Entry List
kurz.ma.examples.simple.Main Uni       1     Meshify5800X570 0   BES-kurz.ma.examples.simple.Main.public static main(java.lang.String[]):void
SimpleExample-0_job_class_ Uni       1     'Entry'-SimpleExample-0 0   BES-'Entry'.'Entry'():<>


Entry execution demands:

Task Name       Entry Name      Phase 1     
kurz.ma.examples.simple.Main BES-kurz.ma.examples.simple.Main.public static main(java.lang.String[]):void 1.00022e+09 
SimpleExample-0_job_class_ BES-'Entry'.'Entry'():<> 1           


Mean number of rendezvous from entry to entry:

Task Name       Source Entry    Target Entry    Phase 1     
SimpleExample-0_job_class_ BES-'Entry'.'Entry'():<> BES-kurz.ma.examples.simple.Main.public static main(java.lang.String[]):void 1           


Phase type flags:
All phases are stochastic.


Squared coefficient of variation of execution segments:
All executable segments are exponential.


Open arrival rates per entry:

Entry Name      Arrival Rate
SimpleExample-0_job_class_ BES-'Entry'.'Entry'():<> 7.25305e-10  


Type 1 throughput bounds: 

Task Name       Entry Name      Throughput  
kurz.ma.examples.simple.Main BES-kurz.ma.examples.simple.Main.public static main(java.lang.String[]):void 9.99779e-10 
SimpleExample-0_job_class_ BES-'Entry'.'Entry'():<> 9.99779e-10 


Mean delay for a rendezvous:

Task Name       Source Entry    Target Entry    Phase 1     
SimpleExample-0_job_class_ BES-'Entry'.'Entry'():<> BES-kurz.ma.examples.simple.Main.public static main(java.lang.String[]):void 0            


Service times:

Task Name       Entry Name      Phase 1     
kurz.ma.examples.simple.Main BES-kurz.ma.examples.simple.Main.public static main(java.lang.String[]):void 1.00022e+09 
SimpleExample-0_job_class_ BES-'Entry'.'Entry'():<> 1.00022e+09 


Service time variance (per phase)
and squared coefficient of variation (over all phases):

Task Name       Entry Name      Phase 1     coeff of var **2
kurz.ma.examples.simple.Main BES-kurz.ma.examples.simple.Main.public static main(java.lang.String[]):void 1.00044e+18 1           
SimpleExample-0_job_class_ BES-'Entry'.'Entry'():<> 3.00133e+18 3           


Throughputs and utilizations per phase:

Task Name       Entry Name      Throughput  Phase 1     Total       
kurz.ma.examples.simple.Main BES-kurz.ma.examples.simple.Main.public static main(java.lang.String[]):void 7.25305e-10 0.725466    0.725466
SimpleExample-0_job_class_ BES-'Entry'.'Entry'():<> 7.25305e-10 0.725466    0.725466


Waiting time at tasks with open arrivals:

Task Name       Entry Name      Lambda      Waiting time
SimpleExample-0_job_class_ BES-'Entry'.'Entry'():<> 7.25305e-10 6.28646e+09


Utilization and waiting per phase for processor:  Meshify5800X570

Task Name       Pri n   Entry Name      Utilization Phase 1     
kurz.ma.examples.simple.Main 0   1   BES-kurz.ma.examples.simple.Main.public static main(java.lang.String[]):void 0.725466    0           


Utilization and waiting per phase for processor:  'Entry'-SimpleExample-0

Task Name       Pri n   Entry Name      Utilization Phase 1     
SimpleExample-0_job_class_ 0   1   BES-'Entry'.'Entry'():<> 7.25305e-10 0           
